==============================================================================
20170123 20:00:25.866 - INFO - + START SUITE: Acceptancetest [ ]
==============================================================================
20170123 20:00:25.935 - INFO - +- START SUITE: Acceptancetest.TicTacToeTests [ ]
==============================================================================
20170123 20:00:25.950 - INFO - +-- START TEST: Win Diagonally as X [ ]
------------------------------------------------------------------------------
20170123 20:00:25.950 - INFO - +--- START KW: TicTacToeKeywords.Start New Game [ ]
20170123 20:00:25.966 - INFO - +--- END KW: TicTacToeKeywords.Start New Game (16)
~~~~~~~~~~~~~~~~~~~~~~~~~~~~~~~~~~~~~~~~~~~~~~~~~~~~~~~~~~~~~~~~~~~~~~~~~~~~~~
20170123 20:00:25.966 - INFO - +--- START KW: TicTacToeKeywords.Mark Location [ 1 | 1 ]
20170123 20:00:25.988 - INFO - +--- END KW: TicTacToeKeywords.Mark Location (22)
~~~~~~~~~~~~~~~~~~~~~~~~~~~~~~~~~~~~~~~~~~~~~~~~~~~~~~~~~~~~~~~~~~~~~~~~~~~~~~
20170123 20:00:25.988 - INFO - +--- START KW: Check Location [ 1 | 1 | X ]
20170123 20:00:26.004 - INFO - +---- START KW: TicTacToeKeywords.Get Mark [ ${row} | ${col} ]
20170123 20:00:26.004 - INFO - ${m} = X
20170123 20:00:26.019 - INFO - +---- END KW: TicTacToeKeywords.Get Mark (0)
20170123 20:00:26.019 - INFO - +---- START KW: BuiltIn.Should Be Equal [ ${m} | ${mark} ]
20170123 20:00:26.019 - INFO - +---- END KW: BuiltIn.Should Be Equal (0)
20170123 20:00:26.035 - INFO - +--- END KW: Check Location (47)
~~~~~~~~~~~~~~~~~~~~~~~~~~~~~~~~~~~~~~~~~~~~~~~~~~~~~~~~~~~~~~~~~~~~~~~~~~~~~~
20170123 20:00:26.035 - INFO - +--- START KW: TicTacToeKeywords.Mark Location [ 0 | 1 ]
20170123 20:00:26.035 - INFO - +--- END KW: TicTacToeKeywords.Mark Location (0)
~~~~~~~~~~~~~~~~~~~~~~~~~~~~~~~~~~~~~~~~~~~~~~~~~~~~~~~~~~~~~~~~~~~~~~~~~~~~~~
20170123 20:00:26.035 - INFO - +--- START KW: Check Location [ 0 | 1 | O ]
20170123 20:00:26.050 - INFO - +---- START KW: TicTacToeKeywords.Get Mark [ ${row} | ${col} ]
20170123 20:00:26.050 - INFO - ${m} = O
20170123 20:00:26.066 - INFO - +---- END KW: TicTacToeKeywords.Get Mark (0)
20170123 20:00:26.066 - INFO - +---- START KW: BuiltIn.Should Be Equal [ ${m} | ${mark} ]
20170123 20:00:26.066 - INFO - +---- END KW: BuiltIn.Should Be Equal (0)
20170123 20:00:26.066 - INFO - +--- END KW: Check Location (31)
~~~~~~~~~~~~~~~~~~~~~~~~~~~~~~~~~~~~~~~~~~~~~~~~~~~~~~~~~~~~~~~~~~~~~~~~~~~~~~
20170123 20:00:26.083 - INFO - +--- START KW: TicTacToeKeywords.Mark Location [ 0 | 0 ]
20170123 20:00:26.089 - INFO - +--- END KW: TicTacToeKeywords.Mark Location (6)
~~~~~~~~~~~~~~~~~~~~~~~~~~~~~~~~~~~~~~~~~~~~~~~~~~~~~~~~~~~~~~~~~~~~~~~~~~~~~~
20170123 20:00:26.092 - INFO - +--- START KW: Check Location [ 0 | 0 | X ]
20170123 20:00:26.099 - INFO - +---- START KW: TicTacToeKeywords.Get Mark [ ${row} | ${col} ]
20170123 20:00:26.108 - INFO - ${m} = X
20170123 20:00:26.112 - INFO - +---- END KW: TicTacToeKeywords.Get Mark (11)
20170123 20:00:26.114 - INFO - +---- START KW: BuiltIn.Should Be Equal [ ${m} | ${mark} ]
20170123 20:00:26.124 - INFO - +---- END KW: BuiltIn.Should Be Equal (8)
20170123 20:00:26.128 - INFO - +--- END KW: Check Location (35)
~~~~~~~~~~~~~~~~~~~~~~~~~~~~~~~~~~~~~~~~~~~~~~~~~~~~~~~~~~~~~~~~~~~~~~~~~~~~~~
20170123 20:00:26.130 - INFO - +--- START KW: TicTacToeKeywords.Mark Location [ 0 | 2 ]
20170123 20:00:26.137 - INFO - +--- END KW: TicTacToeKeywords.Mark Location (7)
~~~~~~~~~~~~~~~~~~~~~~~~~~~~~~~~~~~~~~~~~~~~~~~~~~~~~~~~~~~~~~~~~~~~~~~~~~~~~~
20170123 20:00:26.139 - INFO - +--- START KW: Check Location [ 0 | 2 | O ]
20170123 20:00:26.146 - INFO - +---- START KW: TicTacToeKeywords.Get Mark [ ${row} | ${col} ]
20170123 20:00:26.154 - INFO - ${m} = O
20170123 20:00:26.157 - INFO - +---- END KW: TicTacToeKeywords.Get Mark (10)
20170123 20:00:26.159 - INFO - +---- START KW: BuiltIn.Should Be Equal [ ${m} | ${mark} ]
20170123 20:00:26.167 - INFO - +---- END KW: BuiltIn.Should Be Equal (7)
20170123 20:00:26.170 - INFO - +--- END KW: Check Location (30)
~~~~~~~~~~~~~~~~~~~~~~~~~~~~~~~~~~~~~~~~~~~~~~~~~~~~~~~~~~~~~~~~~~~~~~~~~~~~~~
20170123 20:00:26.172 - INFO - +--- START KW: TicTacToeKeywords.Mark Location [ 2 | 2 ]
20170123 20:00:26.177 - INFO - +--- END KW: TicTacToeKeywords.Mark Location (5)
~~~~~~~~~~~~~~~~~~~~~~~~~~~~~~~~~~~~~~~~~~~~~~~~~~~~~~~~~~~~~~~~~~~~~~~~~~~~~~
20170123 20:00:26.179 - INFO - +--- START KW: Check Location [ 2 | 2 | X ]
20170123 20:00:26.184 - INFO - +---- START KW: TicTacToeKeywords.Get Mark [ ${row} | ${col} ]
20170123 20:00:26.192 - INFO - ${m} = X
20170123 20:00:26.196 - INFO - +---- END KW: TicTacToeKeywords.Get Mark (11)
20170123 20:00:26.198 - INFO - +---- START KW: BuiltIn.Should Be Equal [ ${m} | ${mark} ]
20170123 20:00:26.206 - INFO - +---- END KW: BuiltIn.Should Be Equal (7)
20170123 20:00:26.209 - INFO - +--- END KW: Check Location (30)
~~~~~~~~~~~~~~~~~~~~~~~~~~~~~~~~~~~~~~~~~~~~~~~~~~~~~~~~~~~~~~~~~~~~~~~~~~~~~~
20170123 20:00:26.211 - INFO - +--- START KW: Winner Should Be [ X ]
20170123 20:00:26.216 - INFO - +---- START KW: TicTacToeKeywords.Get Winner [ ]
20170123 20:00:26.220 - INFO - ${m} = X
20170123 20:00:26.223 - INFO - +---- END KW: TicTacToeKeywords.Get Winner (6)
20170123 20:00:26.225 - INFO - +---- START KW: BuiltIn.Should Be Equal [ ${m} | ${mark} ]
20170123 20:00:26.233 - INFO - +---- END KW: BuiltIn.Should Be Equal (6)
20170123 20:00:26.236 - INFO - +--- END KW: Winner Should Be (25)
------------------------------------------------------------------------------
20170123 20:00:26.244 - INFO - +-- END TEST: Win Diagonally as X (288)
------------------------------------------------------------------------------
20170123 20:00:26.247 - INFO - +-- START TEST: Win Horizontally as O [ ]
------------------------------------------------------------------------------
20170123 20:00:26.254 - INFO - +--- START KW: TicTacToeKeywords.Start New Game [ ]
20170123 20:00:26.259 - INFO - +--- END KW: TicTacToeKeywords.Start New Game (4)
~~~~~~~~~~~~~~~~~~~~~~~~~~~~~~~~~~~~~~~~~~~~~~~~~~~~~~~~~~~~~~~~~~~~~~~~~~~~~~
20170123 20:00:26.261 - INFO - +--- START KW: TicTacToeKeywords.Mark Location [ 1 | 1 ]
20170123 20:00:26.267 - INFO - +--- END KW: TicTacToeKeywords.Mark Location (5)
~~~~~~~~~~~~~~~~~~~~~~~~~~~~~~~~~~~~~~~~~~~~~~~~~~~~~~~~~~~~~~~~~~~~~~~~~~~~~~
20170123 20:00:26.269 - INFO - +--- START KW: Check Location [ 1 | 1 | X ]
20170123 20:00:26.273 - INFO - +---- START KW: TicTacToeKeywords.Get Mark [ ${row} | ${col} ]
20170123 20:00:26.279 - INFO - ${m} = X
20170123 20:00:26.282 - INFO - +---- END KW: TicTacToeKeywords.Get Mark (7)
20170123 20:00:26.286 - INFO - +---- START KW: BuiltIn.Should Be Equal [ ${m} | ${mark} ]
20170123 20:00:26.297 - INFO - +---- END KW: BuiltIn.Should Be Equal (12)
20170123 20:00:26.302 - INFO - +--- END KW: Check Location (31)
~~~~~~~~~~~~~~~~~~~~~~~~~~~~~~~~~~~~~~~~~~~~~~~~~~~~~~~~~~~~~~~~~~~~~~~~~~~~~~
20170123 20:00:26.304 - INFO - +--- START KW: TicTacToeKeywords.Mark Location [ 2 | 0 ]
20170123 20:00:26.312 - INFO - +--- END KW: TicTacToeKeywords.Mark Location (6)
~~~~~~~~~~~~~~~~~~~~~~~~~~~~~~~~~~~~~~~~~~~~~~~~~~~~~~~~~~~~~~~~~~~~~~~~~~~~~~
20170123 20:00:26.314 - INFO - +--- START KW: Check Location [ 2 | 0 | O ]
20170123 20:00:26.321 - INFO - +---- START KW: TicTacToeKeywords.Get Mark [ ${row} | ${col} ]
20170123 20:00:26.327 - INFO - ${m} = O
20170123 20:00:26.331 - INFO - +---- END KW: TicTacToeKeywords.Get Mark (9)
20170123 20:00:26.333 - INFO - +---- START KW: BuiltIn.Should Be Equal [ ${m} | ${mark} ]
20170123 20:00:26.341 - INFO - +---- END KW: BuiltIn.Should Be Equal (7)
20170123 20:00:26.344 - INFO - +--- END KW: Check Location (30)
~~~~~~~~~~~~~~~~~~~~~~~~~~~~~~~~~~~~~~~~~~~~~~~~~~~~~~~~~~~~~~~~~~~~~~~~~~~~~~
20170123 20:00:26.346 - INFO - +--- START KW: TicTacToeKeywords.Mark Location [ 0 | 0 ]
20170123 20:00:26.352 - INFO - +--- END KW: TicTacToeKeywords.Mark Location (6)
~~~~~~~~~~~~~~~~~~~~~~~~~~~~~~~~~~~~~~~~~~~~~~~~~~~~~~~~~~~~~~~~~~~~~~~~~~~~~~
20170123 20:00:26.354 - INFO - +--- START KW: Check Location [ 0 | 0 | X ]
20170123 20:00:26.360 - INFO - +---- START KW: TicTacToeKeywords.Get Mark [ ${row} | ${col} ]
20170123 20:00:26.367 - INFO - ${m} = X
20170123 20:00:26.370 - INFO - +---- END KW: TicTacToeKeywords.Get Mark (8)
20170123 20:00:26.372 - INFO - +---- START KW: BuiltIn.Should Be Equal [ ${m} | ${mark} ]
20170123 20:00:26.379 - INFO - +---- END KW: BuiltIn.Should Be Equal (7)
20170123 20:00:26.382 - INFO - +--- END KW: Check Location (27)
~~~~~~~~~~~~~~~~~~~~~~~~~~~~~~~~~~~~~~~~~~~~~~~~~~~~~~~~~~~~~~~~~~~~~~~~~~~~~~
20170123 20:00:26.384 - INFO - +--- START KW: TicTacToeKeywords.Mark Location [ 2 | 2 ]
20170123 20:00:26.390 - INFO - +--- END KW: TicTacToeKeywords.Mark Location (6)
~~~~~~~~~~~~~~~~~~~~~~~~~~~~~~~~~~~~~~~~~~~~~~~~~~~~~~~~~~~~~~~~~~~~~~~~~~~~~~
20170123 20:00:26.391 - INFO - +--- START KW: Check Location [ 2 | 2 | O ]
20170123 20:00:26.396 - INFO - +---- START KW: TicTacToeKeywords.Get Mark [ ${row} | ${col} ]
20170123 20:00:26.401 - INFO - ${m} = O
20170123 20:00:26.403 - INFO - +---- END KW: TicTacToeKeywords.Get Mark (6)
20170123 20:00:26.405 - INFO - +---- START KW: BuiltIn.Should Be Equal [ ${m} | ${mark} ]
20170123 20:00:26.413 - INFO - +---- END KW: BuiltIn.Should Be Equal (7)
20170123 20:00:26.416 - INFO - +--- END KW: Check Location (24)
~~~~~~~~~~~~~~~~~~~~~~~~~~~~~~~~~~~~~~~~~~~~~~~~~~~~~~~~~~~~~~~~~~~~~~~~~~~~~~
20170123 20:00:26.418 - INFO - +--- START KW: TicTacToeKeywords.Mark Location [ 0 | 2 ]
20170123 20:00:26.424 - INFO - +--- END KW: TicTacToeKeywords.Mark Location (5)
~~~~~~~~~~~~~~~~~~~~~~~~~~~~~~~~~~~~~~~~~~~~~~~~~~~~~~~~~~~~~~~~~~~~~~~~~~~~~~
20170123 20:00:26.427 - INFO - +--- START KW: Check Location [ 0 | 2 | X ]
20170123 20:00:26.432 - INFO - +---- START KW: TicTacToeKeywords.Get Mark [ ${row} | ${col} ]
20170123 20:00:26.435 - INFO - ${m} = X
20170123 20:00:26.437 - INFO - +---- END KW: TicTacToeKeywords.Get Mark (5)
20170123 20:00:26.439 - INFO - +---- START KW: BuiltIn.Should Be Equal [ ${m} | ${mark} ]
20170123 20:00:26.449 - INFO - +---- END KW: BuiltIn.Should Be Equal (9)
20170123 20:00:26.453 - INFO - +--- END KW: Check Location (25)
~~~~~~~~~~~~~~~~~~~~~~~~~~~~~~~~~~~~~~~~~~~~~~~~~~~~~~~~~~~~~~~~~~~~~~~~~~~~~~
20170123 20:00:26.455 - INFO - +--- START KW: TicTacToeKeywords.Mark Location [ 2 | 1 ]
20170123 20:00:26.460 - INFO - +--- END KW: TicTacToeKeywords.Mark Location (5)
~~~~~~~~~~~~~~~~~~~~~~~~~~~~~~~~~~~~~~~~~~~~~~~~~~~~~~~~~~~~~~~~~~~~~~~~~~~~~~
20170123 20:00:26.462 - INFO - +--- START KW: Check Location [ 2 | 1 | O ]
20170123 20:00:26.467 - INFO - +---- START KW: TicTacToeKeywords.Get Mark [ ${row} | ${col} ]
20170123 20:00:26.473 - INFO - ${m} = O
20170123 20:00:26.475 - INFO - +---- END KW: TicTacToeKeywords.Get Mark (7)
20170123 20:00:26.477 - INFO - +---- START KW: BuiltIn.Should Be Equal [ ${m} | ${mark} ]
20170123 20:00:26.483 - INFO - +---- END KW: BuiltIn.Should Be Equal (6)
20170123 20:00:26.486 - INFO - +--- END KW: Check Location (23)
~~~~~~~~~~~~~~~~~~~~~~~~~~~~~~~~~~~~~~~~~~~~~~~~~~~~~~~~~~~~~~~~~~~~~~~~~~~~~~
20170123 20:00:26.488 - INFO - +--- START KW: Winner Should Be [ O ]
20170123 20:00:26.493 - INFO - +---- START KW: TicTacToeKeywords.Get Winner [ ]
20170123 20:00:26.498 - INFO - ${m} = O
20170123 20:00:26.500 - INFO - +---- END KW: TicTacToeKeywords.Get Winner (6)
20170123 20:00:26.501 - INFO - +---- START KW: BuiltIn.Should Be Equal [ ${m} | ${mark} ]
20170123 20:00:26.508 - INFO - +---- END KW: BuiltIn.Should Be Equal (6)
20170123 20:00:26.510 - INFO - +--- END KW: Winner Should Be (21)
------------------------------------------------------------------------------
20170123 20:00:26.516 - INFO - +-- END TEST: Win Horizontally as O (265)
------------------------------------------------------------------------------
20170123 20:00:26.520 - INFO - +-- START TEST: Force a Tie [ ]
------------------------------------------------------------------------------
20170123 20:00:26.525 - INFO - +--- START KW: TicTacToeKeywords.Start New Game [ ]
20170123 20:00:26.531 - INFO - +--- END KW: TicTacToeKeywords.Start New Game (5)
~~~~~~~~~~~~~~~~~~~~~~~~~~~~~~~~~~~~~~~~~~~~~~~~~~~~~~~~~~~~~~~~~~~~~~~~~~~~~~
20170123 20:00:26.536 - INFO - +--- START KW: TicTacToeKeywords.Mark Location [ 1 | 1 ]
20170123 20:00:26.540 - INFO - +--- END KW: TicTacToeKeywords.Mark Location (4)
~~~~~~~~~~~~~~~~~~~~~~~~~~~~~~~~~~~~~~~~~~~~~~~~~~~~~~~~~~~~~~~~~~~~~~~~~~~~~~
20170123 20:00:26.542 - INFO - +--- START KW: Check Location [ 1 | 1 | X ]
20170123 20:00:26.548 - INFO - +---- START KW: TicTacToeKeywords.Get Mark [ ${row} | ${col} ]
20170123 20:00:26.554 - INFO - ${m} = X
20170123 20:00:26.556 - INFO - +---- END KW: TicTacToeKeywords.Get Mark (7)
20170123 20:00:26.557 - INFO - +---- START KW: BuiltIn.Should Be Equal [ ${m} | ${mark} ]
20170123 20:00:26.566 - INFO - +---- END KW: BuiltIn.Should Be Equal (8)
20170123 20:00:26.569 - INFO - +--- END KW: Check Location (27)
~~~~~~~~~~~~~~~~~~~~~~~~~~~~~~~~~~~~~~~~~~~~~~~~~~~~~~~~~~~~~~~~~~~~~~~~~~~~~~
20170123 20:00:26.570 - INFO - +--- START KW: TicTacToeKeywords.Mark Location [ 0 | 0 ]
20170123 20:00:26.575 - INFO - +--- END KW: TicTacToeKeywords.Mark Location (4)
~~~~~~~~~~~~~~~~~~~~~~~~~~~~~~~~~~~~~~~~~~~~~~~~~~~~~~~~~~~~~~~~~~~~~~~~~~~~~~
20170123 20:00:26.577 - INFO - +--- START KW: Check Location [ 0 | 0 | O ]
20170123 20:00:26.581 - INFO - +---- START KW: TicTacToeKeywords.Get Mark [ ${row} | ${col} ]
20170123 20:00:26.584 - INFO - ${m} = O
20170123 20:00:26.586 - INFO - +---- END KW: TicTacToeKeywords.Get Mark (5)
20170123 20:00:26.587 - INFO - +---- START KW: BuiltIn.Should Be Equal [ ${m} | ${mark} ]
20170123 20:00:26.592 - INFO - +---- END KW: BuiltIn.Should Be Equal (4)
20170123 20:00:26.594 - INFO - +--- END KW: Check Location (17)
~~~~~~~~~~~~~~~~~~~~~~~~~~~~~~~~~~~~~~~~~~~~~~~~~~~~~~~~~~~~~~~~~~~~~~~~~~~~~~
20170123 20:00:26.596 - INFO - +--- START KW: TicTacToeKeywords.Mark Location [ 2 | 0 ]
20170123 20:00:26.601 - INFO - +--- END KW: TicTacToeKeywords.Mark Location (5)
~~~~~~~~~~~~~~~~~~~~~~~~~~~~~~~~~~~~~~~~~~~~~~~~~~~~~~~~~~~~~~~~~~~~~~~~~~~~~~
20170123 20:00:26.603 - INFO - +--- START KW: Check Location [ 2 | 0 | X ]
20170123 20:00:26.609 - INFO - +---- START KW: TicTacToeKeywords.Get Mark [ ${row} | ${col} ]
20170123 20:00:26.616 - INFO - ${m} = X
20170123 20:00:26.619 - INFO - +---- END KW: TicTacToeKeywords.Get Mark (10)
20170123 20:00:26.621 - INFO - +---- START KW: BuiltIn.Should Be Equal [ ${m} | ${mark} ]
20170123 20:00:26.627 - INFO - +---- END KW: BuiltIn.Should Be Equal (6)
20170123 20:00:26.630 - INFO - +--- END KW: Check Location (27)
~~~~~~~~~~~~~~~~~~~~~~~~~~~~~~~~~~~~~~~~~~~~~~~~~~~~~~~~~~~~~~~~~~~~~~~~~~~~~~
20170123 20:00:26.633 - INFO - +--- START KW: TicTacToeKeywords.Mark Location [ 0 | 2 ]
20170123 20:00:26.637 - INFO - +--- END KW: TicTacToeKeywords.Mark Location (5)
~~~~~~~~~~~~~~~~~~~~~~~~~~~~~~~~~~~~~~~~~~~~~~~~~~~~~~~~~~~~~~~~~~~~~~~~~~~~~~
20170123 20:00:26.639 - INFO - +--- START KW: Check Location [ 0 | 2 | O ]
20170123 20:00:26.645 - INFO - +---- START KW: TicTacToeKeywords.Get Mark [ ${row} | ${col} ]
20170123 20:00:26.650 - INFO - ${m} = O
20170123 20:00:26.652 - INFO - +---- END KW: TicTacToeKeywords.Get Mark (6)
20170123 20:00:26.654 - INFO - +---- START KW: BuiltIn.Should Be Equal [ ${m} | ${mark} ]
20170123 20:00:26.660 - INFO - +---- END KW: BuiltIn.Should Be Equal (6)
20170123 20:00:26.662 - INFO - +--- END KW: Check Location (23)
~~~~~~~~~~~~~~~~~~~~~~~~~~~~~~~~~~~~~~~~~~~~~~~~~~~~~~~~~~~~~~~~~~~~~~~~~~~~~~
20170123 20:00:26.664 - INFO - +--- START KW: TicTacToeKeywords.Mark Location [ 0 | 1 ]
20170123 20:00:26.670 - INFO - +--- END KW: TicTacToeKeywords.Mark Location (6)
~~~~~~~~~~~~~~~~~~~~~~~~~~~~~~~~~~~~~~~~~~~~~~~~~~~~~~~~~~~~~~~~~~~~~~~~~~~~~~
20170123 20:00:26.672 - INFO - +--- START KW: Check Location [ 0 | 1 | X ]
20170123 20:00:26.677 - INFO - +---- START KW: TicTacToeKeywords.Get Mark [ ${row} | ${col} ]
20170123 20:00:26.683 - INFO - ${m} = X
20170123 20:00:26.685 - INFO - +---- END KW: TicTacToeKeywords.Get Mark (8)
20170123 20:00:26.686 - INFO - +---- START KW: BuiltIn.Should Be Equal [ ${m} | ${mark} ]
20170123 20:00:26.693 - INFO - +---- END KW: BuiltIn.Should Be Equal (6)
20170123 20:00:26.695 - INFO - +--- END KW: Check Location (23)
~~~~~~~~~~~~~~~~~~~~~~~~~~~~~~~~~~~~~~~~~~~~~~~~~~~~~~~~~~~~~~~~~~~~~~~~~~~~~~
20170123 20:00:26.696 - INFO - +--- START KW: TicTacToeKeywords.Mark Location [ 2 | 1 ]
20170123 20:00:26.700 - INFO - +--- END KW: TicTacToeKeywords.Mark Location (4)
~~~~~~~~~~~~~~~~~~~~~~~~~~~~~~~~~~~~~~~~~~~~~~~~~~~~~~~~~~~~~~~~~~~~~~~~~~~~~~
20170123 20:00:26.702 - INFO - +--- START KW: Check Location [ 2 | 1 | O ]
20170123 20:00:26.707 - INFO - +---- START KW: TicTacToeKeywords.Get Mark [ ${row} | ${col} ]
20170123 20:00:26.712 - INFO - ${m} = O
20170123 20:00:26.714 - INFO - +---- END KW: TicTacToeKeywords.Get Mark (6)
20170123 20:00:26.716 - INFO - +---- START KW: BuiltIn.Should Be Equal [ ${m} | ${mark} ]
20170123 20:00:26.722 - INFO - +---- END KW: BuiltIn.Should Be Equal (6)
20170123 20:00:26.724 - INFO - +--- END KW: Check Location (22)
~~~~~~~~~~~~~~~~~~~~~~~~~~~~~~~~~~~~~~~~~~~~~~~~~~~~~~~~~~~~~~~~~~~~~~~~~~~~~~
20170123 20:00:26.726 - INFO - +--- START KW: TicTacToeKeywords.Mark Location [ 1 | 2 ]
20170123 20:00:26.730 - INFO - +--- END KW: TicTacToeKeywords.Mark Location (4)
~~~~~~~~~~~~~~~~~~~~~~~~~~~~~~~~~~~~~~~~~~~~~~~~~~~~~~~~~~~~~~~~~~~~~~~~~~~~~~
20170123 20:00:26.732 - INFO - +--- START KW: Check Location [ 1 | 2 | X ]
20170123 20:00:26.736 - INFO - +---- START KW: TicTacToeKeywords.Get Mark [ ${row} | ${col} ]
20170123 20:00:26.741 - INFO - ${m} = X
20170123 20:00:26.743 - INFO - +---- END KW: TicTacToeKeywords.Get Mark (6)
20170123 20:00:26.744 - INFO - +---- START KW: BuiltIn.Should Be Equal [ ${m} | ${mark} ]
20170123 20:00:26.750 - INFO - +---- END KW: BuiltIn.Should Be Equal (5)
20170123 20:00:26.752 - INFO - +--- END KW: Check Location (20)
~~~~~~~~~~~~~~~~~~~~~~~~~~~~~~~~~~~~~~~~~~~~~~~~~~~~~~~~~~~~~~~~~~~~~~~~~~~~~~
20170123 20:00:26.754 - INFO - +--- START KW: TicTacToeKeywords.Mark Location [ 1 | 0 ]
20170123 20:00:26.757 - INFO - +--- END KW: TicTacToeKeywords.Mark Location (4)
~~~~~~~~~~~~~~~~~~~~~~~~~~~~~~~~~~~~~~~~~~~~~~~~~~~~~~~~~~~~~~~~~~~~~~~~~~~~~~
20170123 20:00:26.759 - INFO - +--- START KW: Check Location [ 1 | 0 | O ]
20170123 20:00:26.763 - INFO - +---- START KW: TicTacToeKeywords.Get Mark [ ${row} | ${col} ]
20170123 20:00:26.768 - INFO - ${m} = O
20170123 20:00:26.770 - INFO - +---- END KW: TicTacToeKeywords.Get Mark (6)
20170123 20:00:26.771 - INFO - +---- START KW: BuiltIn.Should Be Equal [ ${m} | ${mark} ]
20170123 20:00:26.778 - INFO - +---- END KW: BuiltIn.Should Be Equal (6)
20170123 20:00:26.781 - INFO - +--- END KW: Check Location (22)
~~~~~~~~~~~~~~~~~~~~~~~~~~~~~~~~~~~~~~~~~~~~~~~~~~~~~~~~~~~~~~~~~~~~~~~~~~~~~~
20170123 20:00:26.782 - INFO - +--- START KW: TicTacToeKeywords.Mark Location [ 2 | 2 ]
20170123 20:00:26.787 - INFO - +--- END KW: TicTacToeKeywords.Mark Location (4)
~~~~~~~~~~~~~~~~~~~~~~~~~~~~~~~~~~~~~~~~~~~~~~~~~~~~~~~~~~~~~~~~~~~~~~~~~~~~~~
20170123 20:00:26.788 - INFO - +--- START KW: Check Location [ 2 | 2 | X ]
20170123 20:00:26.793 - INFO - +---- START KW: TicTacToeKeywords.Get Mark [ ${row} | ${col} ]
20170123 20:00:26.799 - INFO - ${m} = X
20170123 20:00:26.801 - INFO - +---- END KW: TicTacToeKeywords.Get Mark (7)
20170123 20:00:26.802 - INFO - +---- START KW: BuiltIn.Should Be Equal [ ${m} | ${mark} ]
20170123 20:00:26.808 - INFO - +---- END KW: BuiltIn.Should Be Equal (5)
20170123 20:00:26.811 - INFO - +--- END KW: Check Location (22)
~~~~~~~~~~~~~~~~~~~~~~~~~~~~~~~~~~~~~~~~~~~~~~~~~~~~~~~~~~~~~~~~~~~~~~~~~~~~~~
20170123 20:00:26.813 - INFO - +--- START KW: Winner Should Be [ TIE ]
20170123 20:00:26.817 - INFO - +---- START KW: TicTacToeKeywords.Get Winner [ ]
20170123 20:00:26.820 - INFO - ${m} = TIE
20170123 20:00:26.823 - INFO - +---- END KW: TicTacToeKeywords.Get Winner (5)
20170123 20:00:26.825 - INFO - +---- START KW: BuiltIn.Should Be Equal [ ${m} | ${mark} ]
20170123 20:00:26.829 - INFO - +---- END KW: BuiltIn.Should Be Equal (5)
20170123 20:00:26.829 - INFO - +--- END KW: Winner Should Be (17)
------------------------------------------------------------------------------
20170123 20:00:26.829 - INFO - +-- END TEST: Force a Tie (311)
------------------------------------------------------------------------------
20170123 20:00:26.860 - INFO - +- END SUITE: Acceptancetest.TicTacToeTests (957)
==============================================================================
20170123 20:00:26.891 - INFO - +- START SUITE: Acceptancetest.TicTacToeTests [ ]
==============================================================================
20170123 20:00:26.891 - INFO - +-- START TEST: Win Diagonally as X [ ]
------------------------------------------------------------------------------
20170123 20:00:26.891 - INFO - +--- START KW: TicTacToeKeywords.Start New Game [ ]
20170123 20:00:26.891 - INFO - +--- END KW: TicTacToeKeywords.Start New Game (0)
~~~~~~~~~~~~~~~~~~~~~~~~~~~~~~~~~~~~~~~~~~~~~~~~~~~~~~~~~~~~~~~~~~~~~~~~~~~~~~
20170123 20:00:26.907 - INFO - +--- START KW: TicTacToeKeywords.Mark Location [ 1 | 1 ]
20170123 20:00:26.907 - INFO - +--- END KW: TicTacToeKeywords.Mark Location (0)
~~~~~~~~~~~~~~~~~~~~~~~~~~~~~~~~~~~~~~~~~~~~~~~~~~~~~~~~~~~~~~~~~~~~~~~~~~~~~~
20170123 20:00:26.907 - INFO - +--- START KW: Check Location [ 1 | 1 | X ]
20170123 20:00:26.907 - INFO - +---- START KW: TicTacToeKeywords.Get Mark [ ${row} | ${col} ]
20170123 20:00:26.927 - INFO - ${m} = X
20170123 20:00:26.929 - INFO - +---- END KW: TicTacToeKeywords.Get Mark (22)
20170123 20:00:26.929 - INFO - +---- START KW: BuiltIn.Should Be Equal [ ${m} | ${mark} ]
20170123 20:00:26.929 - INFO - +---- END KW: BuiltIn.Should Be Equal (0)
20170123 20:00:26.929 - INFO - +--- END KW: Check Location (22)
~~~~~~~~~~~~~~~~~~~~~~~~~~~~~~~~~~~~~~~~~~~~~~~~~~~~~~~~~~~~~~~~~~~~~~~~~~~~~~
20170123 20:00:26.929 - INFO - +--- START KW: TicTacToeKeywords.Mark Location [ 0 | 1 ]
20170123 20:00:26.945 - INFO - +--- END KW: TicTacToeKeywords.Mark Location (16)
~~~~~~~~~~~~~~~~~~~~~~~~~~~~~~~~~~~~~~~~~~~~~~~~~~~~~~~~~~~~~~~~~~~~~~~~~~~~~~
20170123 20:00:26.945 - INFO - +--- START KW: Check Location [ 0 | 1 | O ]
20170123 20:00:26.945 - INFO - +---- START KW: TicTacToeKeywords.Get Mark [ ${row} | ${col} ]
20170123 20:00:26.945 - INFO - ${m} = O
20170123 20:00:26.945 - INFO - +---- END KW: TicTacToeKeywords.Get Mark (0)
20170123 20:00:26.945 - INFO - +---- START KW: BuiltIn.Should Be Equal [ ${m} | ${mark} ]
20170123 20:00:26.945 - INFO - +---- END KW: BuiltIn.Should Be Equal (0)
20170123 20:00:26.961 - INFO - +--- END KW: Check Location (16)
~~~~~~~~~~~~~~~~~~~~~~~~~~~~~~~~~~~~~~~~~~~~~~~~~~~~~~~~~~~~~~~~~~~~~~~~~~~~~~
20170123 20:00:26.961 - INFO - +--- START KW: TicTacToeKeywords.Mark Location [ 0 | 0 ]
20170123 20:00:26.961 - INFO - +--- END KW: TicTacToeKeywords.Mark Location (0)
~~~~~~~~~~~~~~~~~~~~~~~~~~~~~~~~~~~~~~~~~~~~~~~~~~~~~~~~~~~~~~~~~~~~~~~~~~~~~~
20170123 20:00:26.961 - INFO - +--- START KW: Check Location [ 0 | 0 | X ]
20170123 20:00:26.961 - INFO - +---- START KW: TicTacToeKeywords.Get Mark [ ${row} | ${col} ]
20170123 20:00:26.961 - INFO - ${m} = X
20170123 20:00:26.976 - INFO - +---- END KW: TicTacToeKeywords.Get Mark (15)
20170123 20:00:26.976 - INFO - +---- START KW: BuiltIn.Should Be Equal [ ${m} | ${mark} ]
20170123 20:00:26.976 - INFO - +---- END KW: BuiltIn.Should Be Equal (0)
20170123 20:00:26.976 - INFO - +--- END KW: Check Location (15)
~~~~~~~~~~~~~~~~~~~~~~~~~~~~~~~~~~~~~~~~~~~~~~~~~~~~~~~~~~~~~~~~~~~~~~~~~~~~~~
20170123 20:00:26.976 - INFO - +--- START KW: TicTacToeKeywords.Mark Location [ 0 | 2 ]
20170123 20:00:26.992 - INFO - +--- END KW: TicTacToeKeywords.Mark Location (16)
~~~~~~~~~~~~~~~~~~~~~~~~~~~~~~~~~~~~~~~~~~~~~~~~~~~~~~~~~~~~~~~~~~~~~~~~~~~~~~
20170123 20:00:26.992 - INFO - +--- START KW: Check Location [ 0 | 2 | O ]
20170123 20:00:26.992 - INFO - +---- START KW: TicTacToeKeywords.Get Mark [ ${row} | ${col} ]
20170123 20:00:26.992 - INFO - ${m} = O
20170123 20:00:26.992 - INFO - +---- END KW: TicTacToeKeywords.Get Mark (0)
20170123 20:00:26.992 - INFO - +---- START KW: BuiltIn.Should Be Equal [ ${m} | ${mark} ]
20170123 20:00:27.007 - INFO - +---- END KW: BuiltIn.Should Be Equal (15)
20170123 20:00:27.007 - INFO - +--- END KW: Check Location (15)
~~~~~~~~~~~~~~~~~~~~~~~~~~~~~~~~~~~~~~~~~~~~~~~~~~~~~~~~~~~~~~~~~~~~~~~~~~~~~~
20170123 20:00:27.007 - INFO - +--- START KW: TicTacToeKeywords.Mark Location [ 2 | 2 ]
20170123 20:00:27.007 - INFO - +--- END KW: TicTacToeKeywords.Mark Location (0)
~~~~~~~~~~~~~~~~~~~~~~~~~~~~~~~~~~~~~~~~~~~~~~~~~~~~~~~~~~~~~~~~~~~~~~~~~~~~~~
20170123 20:00:27.007 - INFO - +--- START KW: Check Location [ 2 | 2 | X ]
20170123 20:00:27.028 - INFO - +---- START KW: TicTacToeKeywords.Get Mark [ ${row} | ${col} ]
20170123 20:00:27.033 - INFO - ${m} = X
20170123 20:00:27.035 - INFO - +---- END KW: TicTacToeKeywords.Get Mark (6)
20170123 20:00:27.036 - INFO - +---- START KW: BuiltIn.Should Be Equal [ ${m} | ${mark} ]
20170123 20:00:27.040 - INFO - +---- END KW: BuiltIn.Should Be Equal (3)
20170123 20:00:27.042 - INFO - +--- END KW: Check Location (35)
~~~~~~~~~~~~~~~~~~~~~~~~~~~~~~~~~~~~~~~~~~~~~~~~~~~~~~~~~~~~~~~~~~~~~~~~~~~~~~
20170123 20:00:27.043 - INFO - +--- START KW: Winner Should Be [ X ]
20170123 20:00:27.046 - INFO - +---- START KW: TicTacToeKeywords.Get Winner [ ]
20170123 20:00:27.049 - INFO - ${m} = X
20170123 20:00:27.054 - INFO - +---- END KW: TicTacToeKeywords.Get Winner (7)
20170123 20:00:27.056 - INFO - +---- START KW: BuiltIn.Should Be Equal [ ${m} | ${mark} ]
20170123 20:00:27.060 - INFO - +---- END KW: BuiltIn.Should Be Equal (4)
20170123 20:00:27.062 - INFO - +--- END KW: Winner Should Be (18)
------------------------------------------------------------------------------
20170123 20:00:27.068 - INFO - +-- END TEST: Win Diagonally as X (172)
------------------------------------------------------------------------------
20170123 20:00:27.071 - INFO - +-- START TEST: Win Horizontally as O [ ]
------------------------------------------------------------------------------
20170123 20:00:27.077 - INFO - +--- START KW: TicTacToeKeywords.Start New Game [ ]
20170123 20:00:27.080 - INFO - +--- END KW: TicTacToeKeywords.Start New Game (4)
~~~~~~~~~~~~~~~~~~~~~~~~~~~~~~~~~~~~~~~~~~~~~~~~~~~~~~~~~~~~~~~~~~~~~~~~~~~~~~
20170123 20:00:27.081 - INFO - +--- START KW: TicTacToeKeywords.Mark Location [ 1 | 1 ]
20170123 20:00:27.084 - INFO - +--- END KW: TicTacToeKeywords.Mark Location (2)
~~~~~~~~~~~~~~~~~~~~~~~~~~~~~~~~~~~~~~~~~~~~~~~~~~~~~~~~~~~~~~~~~~~~~~~~~~~~~~
20170123 20:00:27.086 - INFO - +--- START KW: Check Location [ 1 | 1 | X ]
20170123 20:00:27.088 - INFO - +---- START KW: TicTacToeKeywords.Get Mark [ ${row} | ${col} ]
20170123 20:00:27.093 - INFO - ${m} = X
20170123 20:00:27.094 - INFO - +---- END KW: TicTacToeKeywords.Get Mark (6)
20170123 20:00:27.096 - INFO - +---- START KW: BuiltIn.Should Be Equal [ ${m} | ${mark} ]
20170123 20:00:27.101 - INFO - +---- END KW: BuiltIn.Should Be Equal (5)
20170123 20:00:27.103 - INFO - +--- END KW: Check Location (18)
~~~~~~~~~~~~~~~~~~~~~~~~~~~~~~~~~~~~~~~~~~~~~~~~~~~~~~~~~~~~~~~~~~~~~~~~~~~~~~
20170123 20:00:27.105 - INFO - +--- START KW: TicTacToeKeywords.Mark Location [ 2 | 0 ]
20170123 20:00:27.110 - INFO - +--- END KW: TicTacToeKeywords.Mark Location (4)
~~~~~~~~~~~~~~~~~~~~~~~~~~~~~~~~~~~~~~~~~~~~~~~~~~~~~~~~~~~~~~~~~~~~~~~~~~~~~~
20170123 20:00:27.111 - INFO - +--- START KW: Check Location [ 2 | 0 | O ]
20170123 20:00:27.115 - INFO - +---- START KW: TicTacToeKeywords.Get Mark [ ${row} | ${col} ]
20170123 20:00:27.121 - INFO - ${m} = O
20170123 20:00:27.122 - INFO - +---- END KW: TicTacToeKeywords.Get Mark (7)
20170123 20:00:27.125 - INFO - +---- START KW: BuiltIn.Should Be Equal [ ${m} | ${mark} ]
20170123 20:00:27.131 - INFO - +---- END KW: BuiltIn.Should Be Equal (5)
20170123 20:00:27.133 - INFO - +--- END KW: Check Location (21)
~~~~~~~~~~~~~~~~~~~~~~~~~~~~~~~~~~~~~~~~~~~~~~~~~~~~~~~~~~~~~~~~~~~~~~~~~~~~~~
20170123 20:00:27.134 - INFO - +--- START KW: TicTacToeKeywords.Mark Location [ 0 | 0 ]
20170123 20:00:27.137 - INFO - +--- END KW: TicTacToeKeywords.Mark Location (3)
~~~~~~~~~~~~~~~~~~~~~~~~~~~~~~~~~~~~~~~~~~~~~~~~~~~~~~~~~~~~~~~~~~~~~~~~~~~~~~
20170123 20:00:27.138 - INFO - +--- START KW: Check Location [ 0 | 0 | X ]
20170123 20:00:27.142 - INFO - +---- START KW: TicTacToeKeywords.Get Mark [ ${row} | ${col} ]
20170123 20:00:27.146 - INFO - ${m} = X
20170123 20:00:27.148 - INFO - +---- END KW: TicTacToeKeywords.Get Mark (6)
20170123 20:00:27.149 - INFO - +---- START KW: BuiltIn.Should Be Equal [ ${m} | ${mark} ]
20170123 20:00:27.154 - INFO - +---- END KW: BuiltIn.Should Be Equal (4)
20170123 20:00:27.157 - INFO - +--- END KW: Check Location (18)
~~~~~~~~~~~~~~~~~~~~~~~~~~~~~~~~~~~~~~~~~~~~~~~~~~~~~~~~~~~~~~~~~~~~~~~~~~~~~~
20170123 20:00:27.158 - INFO - +--- START KW: TicTacToeKeywords.Mark Location [ 2 | 2 ]
20170123 20:00:27.160 - INFO - +--- END KW: TicTacToeKeywords.Mark Location (2)
~~~~~~~~~~~~~~~~~~~~~~~~~~~~~~~~~~~~~~~~~~~~~~~~~~~~~~~~~~~~~~~~~~~~~~~~~~~~~~
20170123 20:00:27.162 - INFO - +--- START KW: Check Location [ 2 | 2 | O ]
20170123 20:00:27.166 - INFO - +---- START KW: TicTacToeKeywords.Get Mark [ ${row} | ${col} ]
20170123 20:00:27.171 - INFO - ${m} = O
20170123 20:00:27.173 - INFO - +---- END KW: TicTacToeKeywords.Get Mark (6)
20170123 20:00:27.174 - INFO - +---- START KW: BuiltIn.Should Be Equal [ ${m} | ${mark} ]
20170123 20:00:27.179 - INFO - +---- END KW: BuiltIn.Should Be Equal (4)
20170123 20:00:27.181 - INFO - +--- END KW: Check Location (20)
~~~~~~~~~~~~~~~~~~~~~~~~~~~~~~~~~~~~~~~~~~~~~~~~~~~~~~~~~~~~~~~~~~~~~~~~~~~~~~
20170123 20:00:27.183 - INFO - +--- START KW: TicTacToeKeywords.Mark Location [ 0 | 2 ]
20170123 20:00:27.187 - INFO - +--- END KW: TicTacToeKeywords.Mark Location (3)
~~~~~~~~~~~~~~~~~~~~~~~~~~~~~~~~~~~~~~~~~~~~~~~~~~~~~~~~~~~~~~~~~~~~~~~~~~~~~~
20170123 20:00:27.188 - INFO - +--- START KW: Check Location [ 0 | 2 | X ]
20170123 20:00:27.192 - INFO - +---- START KW: TicTacToeKeywords.Get Mark [ ${row} | ${col} ]
20170123 20:00:27.196 - INFO - ${m} = X
20170123 20:00:27.198 - INFO - +---- END KW: TicTacToeKeywords.Get Mark (5)
20170123 20:00:27.200 - INFO - +---- START KW: BuiltIn.Should Be Equal [ ${m} | ${mark} ]
20170123 20:00:27.205 - INFO - +---- END KW: BuiltIn.Should Be Equal (5)
20170123 20:00:27.207 - INFO - +--- END KW: Check Location (18)
~~~~~~~~~~~~~~~~~~~~~~~~~~~~~~~~~~~~~~~~~~~~~~~~~~~~~~~~~~~~~~~~~~~~~~~~~~~~~~
20170123 20:00:27.208 - INFO - +--- START KW: TicTacToeKeywords.Mark Location [ 2 | 1 ]
20170123 20:00:27.212 - INFO - +--- END KW: TicTacToeKeywords.Mark Location (4)
~~~~~~~~~~~~~~~~~~~~~~~~~~~~~~~~~~~~~~~~~~~~~~~~~~~~~~~~~~~~~~~~~~~~~~~~~~~~~~
20170123 20:00:27.214 - INFO - +--- START KW: Check Location [ 2 | 1 | O ]
20170123 20:00:27.218 - INFO - +---- START KW: TicTacToeKeywords.Get Mark [ ${row} | ${col} ]
20170123 20:00:27.222 - INFO - ${m} = O
20170123 20:00:27.224 - INFO - +---- END KW: TicTacToeKeywords.Get Mark (5)
20170123 20:00:27.225 - INFO - +---- START KW: BuiltIn.Should Be Equal [ ${m} | ${mark} ]
20170123 20:00:27.228 - INFO - +---- END KW: BuiltIn.Should Be Equal (3)
20170123 20:00:27.230 - INFO - +--- END KW: Check Location (15)
~~~~~~~~~~~~~~~~~~~~~~~~~~~~~~~~~~~~~~~~~~~~~~~~~~~~~~~~~~~~~~~~~~~~~~~~~~~~~~
20170123 20:00:27.231 - INFO - +--- START KW: Winner Should Be [ O ]
20170123 20:00:27.233 - INFO - +---- START KW: TicTacToeKeywords.Get Winner [ ]
20170123 20:00:27.235 - INFO - ${m} = O
20170123 20:00:27.237 - INFO - +---- END KW: TicTacToeKeywords.Get Winner (3)
20170123 20:00:27.238 - INFO - +---- START KW: BuiltIn.Should Be Equal [ ${m} | ${mark} ]
20170123 20:00:27.243 - INFO - +---- END KW: BuiltIn.Should Be Equal (4)
20170123 20:00:27.245 - INFO - +--- END KW: Winner Should Be (14)
------------------------------------------------------------------------------
20170123 20:00:27.249 - INFO - +-- END TEST: Win Horizontally as O (176)
------------------------------------------------------------------------------
20170123 20:00:27.251 - INFO - +-- START TEST: Force a Tie [ ]
------------------------------------------------------------------------------
20170123 20:00:27.254 - INFO - +--- START KW: TicTacToeKeywords.Start New Game [ ]
20170123 20:00:27.258 - INFO - +--- END KW: TicTacToeKeywords.Start New Game (3)
~~~~~~~~~~~~~~~~~~~~~~~~~~~~~~~~~~~~~~~~~~~~~~~~~~~~~~~~~~~~~~~~~~~~~~~~~~~~~~
20170123 20:00:27.259 - INFO - +--- START KW: TicTacToeKeywords.Mark Location [ 1 | 1 ]
20170123 20:00:27.263 - INFO - +--- END KW: TicTacToeKeywords.Mark Location (4)
~~~~~~~~~~~~~~~~~~~~~~~~~~~~~~~~~~~~~~~~~~~~~~~~~~~~~~~~~~~~~~~~~~~~~~~~~~~~~~
20170123 20:00:27.264 - INFO - +--- START KW: Check Location [ 1 | 1 | X ]
20170123 20:00:27.269 - INFO - +---- START KW: TicTacToeKeywords.Get Mark [ ${row} | ${col} ]
20170123 20:00:27.272 - INFO - ${m} = X
20170123 20:00:27.274 - INFO - +---- END KW: TicTacToeKeywords.Get Mark (5)
20170123 20:00:27.275 - INFO - +---- START KW: BuiltIn.Should Be Equal [ ${m} | ${mark} ]
20170123 20:00:27.279 - INFO - +---- END KW: BuiltIn.Should Be Equal (4)
20170123 20:00:27.280 - INFO - +--- END KW: Check Location (16)
~~~~~~~~~~~~~~~~~~~~~~~~~~~~~~~~~~~~~~~~~~~~~~~~~~~~~~~~~~~~~~~~~~~~~~~~~~~~~~
20170123 20:00:27.282 - INFO - +--- START KW: TicTacToeKeywords.Mark Location [ 0 | 0 ]
20170123 20:00:27.284 - INFO - +--- END KW: TicTacToeKeywords.Mark Location (2)
~~~~~~~~~~~~~~~~~~~~~~~~~~~~~~~~~~~~~~~~~~~~~~~~~~~~~~~~~~~~~~~~~~~~~~~~~~~~~~
20170123 20:00:27.285 - INFO - +--- START KW: Check Location [ 0 | 0 | O ]
20170123 20:00:27.288 - INFO - +---- START KW: TicTacToeKeywords.Get Mark [ ${row} | ${col} ]
20170123 20:00:27.292 - INFO - ${m} = O
20170123 20:00:27.294 - INFO - +---- END KW: TicTacToeKeywords.Get Mark (6)
20170123 20:00:27.297 - INFO - +---- START KW: BuiltIn.Should Be Equal [ ${m} | ${mark} ]
20170123 20:00:27.302 - INFO - +---- END KW: BuiltIn.Should Be Equal (7)
20170123 20:00:27.305 - INFO - +--- END KW: Check Location (20)
~~~~~~~~~~~~~~~~~~~~~~~~~~~~~~~~~~~~~~~~~~~~~~~~~~~~~~~~~~~~~~~~~~~~~~~~~~~~~~
20170123 20:00:27.307 - INFO - +--- START KW: TicTacToeKeywords.Mark Location [ 2 | 0 ]
20170123 20:00:27.311 - INFO - +--- END KW: TicTacToeKeywords.Mark Location (3)
~~~~~~~~~~~~~~~~~~~~~~~~~~~~~~~~~~~~~~~~~~~~~~~~~~~~~~~~~~~~~~~~~~~~~~~~~~~~~~
20170123 20:00:27.313 - INFO - +--- START KW: Check Location [ 2 | 0 | X ]
20170123 20:00:27.317 - INFO - +---- START KW: TicTacToeKeywords.Get Mark [ ${row} | ${col} ]
20170123 20:00:27.321 - INFO - ${m} = X
20170123 20:00:27.324 - INFO - +---- END KW: TicTacToeKeywords.Get Mark (7)
20170123 20:00:27.326 - INFO - +---- START KW: BuiltIn.Should Be Equal [ ${m} | ${mark} ]
20170123 20:00:27.331 - INFO - +---- END KW: BuiltIn.Should Be Equal (4)
20170123 20:00:27.332 - INFO - +--- END KW: Check Location (20)
~~~~~~~~~~~~~~~~~~~~~~~~~~~~~~~~~~~~~~~~~~~~~~~~~~~~~~~~~~~~~~~~~~~~~~~~~~~~~~
20170123 20:00:27.334 - INFO - +--- START KW: TicTacToeKeywords.Mark Location [ 0 | 2 ]
20170123 20:00:27.338 - INFO - +--- END KW: TicTacToeKeywords.Mark Location (3)
~~~~~~~~~~~~~~~~~~~~~~~~~~~~~~~~~~~~~~~~~~~~~~~~~~~~~~~~~~~~~~~~~~~~~~~~~~~~~~
20170123 20:00:27.340 - INFO - +--- START KW: Check Location [ 0 | 2 | O ]
20170123 20:00:27.343 - INFO - +---- START KW: TicTacToeKeywords.Get Mark [ ${row} | ${col} ]
20170123 20:00:27.348 - INFO - ${m} = O
20170123 20:00:27.351 - INFO - +---- END KW: TicTacToeKeywords.Get Mark (7)
20170123 20:00:27.352 - INFO - +---- START KW: BuiltIn.Should Be Equal [ ${m} | ${mark} ]
20170123 20:00:27.357 - INFO - +---- END KW: BuiltIn.Should Be Equal (4)
20170123 20:00:27.359 - INFO - +--- END KW: Check Location (19)
~~~~~~~~~~~~~~~~~~~~~~~~~~~~~~~~~~~~~~~~~~~~~~~~~~~~~~~~~~~~~~~~~~~~~~~~~~~~~~
20170123 20:00:27.361 - INFO - +--- START KW: TicTacToeKeywords.Mark Location [ 0 | 1 ]
20170123 20:00:27.364 - INFO - +--- END KW: TicTacToeKeywords.Mark Location (4)
~~~~~~~~~~~~~~~~~~~~~~~~~~~~~~~~~~~~~~~~~~~~~~~~~~~~~~~~~~~~~~~~~~~~~~~~~~~~~~
20170123 20:00:27.366 - INFO - +--- START KW: Check Location [ 0 | 1 | X ]
20170123 20:00:27.371 - INFO - +---- START KW: TicTacToeKeywords.Get Mark [ ${row} | ${col} ]
20170123 20:00:27.376 - INFO - ${m} = X
20170123 20:00:27.378 - INFO - +---- END KW: TicTacToeKeywords.Get Mark (7)
20170123 20:00:27.380 - INFO - +---- START KW: BuiltIn.Should Be Equal [ ${m} | ${mark} ]
20170123 20:00:27.385 - INFO - +---- END KW: BuiltIn.Should Be Equal (5)
20170123 20:00:27.387 - INFO - +--- END KW: Check Location (20)
~~~~~~~~~~~~~~~~~~~~~~~~~~~~~~~~~~~~~~~~~~~~~~~~~~~~~~~~~~~~~~~~~~~~~~~~~~~~~~
20170123 20:00:27.388 - INFO - +--- START KW: TicTacToeKeywords.Mark Location [ 2 | 1 ]
20170123 20:00:27.390 - INFO - +--- END KW: TicTacToeKeywords.Mark Location (2)
~~~~~~~~~~~~~~~~~~~~~~~~~~~~~~~~~~~~~~~~~~~~~~~~~~~~~~~~~~~~~~~~~~~~~~~~~~~~~~
20170123 20:00:27.391 - INFO - +--- START KW: Check Location [ 2 | 1 | O ]
20170123 20:00:27.393 - INFO - +---- START KW: TicTacToeKeywords.Get Mark [ ${row} | ${col} ]
20170123 20:00:27.396 - INFO - ${m} = O
20170123 20:00:27.398 - INFO - +---- END KW: TicTacToeKeywords.Get Mark (5)
20170123 20:00:27.400 - INFO - +---- START KW: BuiltIn.Should Be Equal [ ${m} | ${mark} ]
20170123 20:00:27.403 - INFO - +---- END KW: BuiltIn.Should Be Equal (4)
20170123 20:00:27.404 - INFO - +--- END KW: Check Location (14)
~~~~~~~~~~~~~~~~~~~~~~~~~~~~~~~~~~~~~~~~~~~~~~~~~~~~~~~~~~~~~~~~~~~~~~~~~~~~~~
20170123 20:00:27.405 - INFO - +--- START KW: TicTacToeKeywords.Mark Location [ 1 | 2 ]
20170123 20:00:27.408 - INFO - +--- END KW: TicTacToeKeywords.Mark Location (2)
~~~~~~~~~~~~~~~~~~~~~~~~~~~~~~~~~~~~~~~~~~~~~~~~~~~~~~~~~~~~~~~~~~~~~~~~~~~~~~
20170123 20:00:27.409 - INFO - +--- START KW: Check Location [ 1 | 2 | X ]
20170123 20:00:27.412 - INFO - +---- START KW: TicTacToeKeywords.Get Mark [ ${row} | ${col} ]
20170123 20:00:27.415 - INFO - ${m} = X
20170123 20:00:27.416 - INFO - +---- END KW: TicTacToeKeywords.Get Mark (4)
20170123 20:00:27.417 - INFO - +---- START KW: BuiltIn.Should Be Equal [ ${m} | ${mark} ]
20170123 20:00:27.420 - INFO - +---- END KW: BuiltIn.Should Be Equal (3)
20170123 20:00:27.422 - INFO - +--- END KW: Check Location (12)
~~~~~~~~~~~~~~~~~~~~~~~~~~~~~~~~~~~~~~~~~~~~~~~~~~~~~~~~~~~~~~~~~~~~~~~~~~~~~~
20170123 20:00:27.423 - INFO - +--- START KW: TicTacToeKeywords.Mark Location [ 1 | 0 ]
20170123 20:00:27.428 - INFO - +--- END KW: TicTacToeKeywords.Mark Location (4)
~~~~~~~~~~~~~~~~~~~~~~~~~~~~~~~~~~~~~~~~~~~~~~~~~~~~~~~~~~~~~~~~~~~~~~~~~~~~~~
20170123 20:00:27.429 - INFO - +--- START KW: Check Location [ 1 | 0 | O ]
20170123 20:00:27.432 - INFO - +---- START KW: TicTacToeKeywords.Get Mark [ ${row} | ${col} ]
20170123 20:00:27.436 - INFO - ${m} = O
20170123 20:00:27.438 - INFO - +---- END KW: TicTacToeKeywords.Get Mark (5)
20170123 20:00:27.438 - INFO - +---- START KW: BuiltIn.Should Be Equal [ ${m} | ${mark} ]
20170123 20:00:27.443 - INFO - +---- END KW: BuiltIn.Should Be Equal (4)
20170123 20:00:27.445 - INFO - +--- END KW: Check Location (15)
~~~~~~~~~~~~~~~~~~~~~~~~~~~~~~~~~~~~~~~~~~~~~~~~~~~~~~~~~~~~~~~~~~~~~~~~~~~~~~
20170123 20:00:27.446 - INFO - +--- START KW: TicTacToeKeywords.Mark Location [ 2 | 2 ]
20170123 20:00:27.451 - INFO - +--- END KW: TicTacToeKeywords.Mark Location (4)
~~~~~~~~~~~~~~~~~~~~~~~~~~~~~~~~~~~~~~~~~~~~~~~~~~~~~~~~~~~~~~~~~~~~~~~~~~~~~~
20170123 20:00:27.453 - INFO - +--- START KW: Check Location [ 2 | 2 | X ]
20170123 20:00:27.457 - INFO - +---- START KW: TicTacToeKeywords.Get Mark [ ${row} | ${col} ]
20170123 20:00:27.463 - INFO - ${m} = X
20170123 20:00:27.465 - INFO - +---- END KW: TicTacToeKeywords.Get Mark (8)
20170123 20:00:27.467 - INFO - +---- START KW: BuiltIn.Should Be Equal [ ${m} | ${mark} ]
20170123 20:00:27.475 - INFO - +---- END KW: BuiltIn.Should Be Equal (8)
20170123 20:00:27.477 - INFO - +--- END KW: Check Location (24)
~~~~~~~~~~~~~~~~~~~~~~~~~~~~~~~~~~~~~~~~~~~~~~~~~~~~~~~~~~~~~~~~~~~~~~~~~~~~~~
20170123 20:00:27.478 - INFO - +--- START KW: Winner Should Be [ TIE ]
20170123 20:00:27.482 - INFO - +---- START KW: TicTacToeKeywords.Get Winner [ ]
20170123 20:00:27.486 - INFO - ${m} = TIE
20170123 20:00:27.502 - INFO - +---- END KW: TicTacToeKeywords.Get Winner (20)
20170123 20:00:27.503 - INFO - +---- START KW: BuiltIn.Should Be Equal [ ${m} | ${mark} ]
20170123 20:00:27.509 - INFO - +---- END KW: BuiltIn.Should Be Equal (5)
20170123 20:00:27.511 - INFO - +--- END KW: Winner Should Be (32)
------------------------------------------------------------------------------
20170123 20:00:27.516 - INFO - +-- END TEST: Force a Tie (262)
------------------------------------------------------------------------------
20170123 20:00:27.542 - INFO - +- END SUITE: Acceptancetest.TicTacToeTests (660)
==============================================================================
20170123 20:00:27.578 - INFO - + END SUITE: Acceptancetest (2073)
==============================================================================
